before extend
a: header: [8:a,1,0] footer: [8:a]
after extend
a: header: [8:a,1,0] footer: [8:a]
f: header: [4096:f] footer: [4096:f]
malloc called : 2040
after malloc(2040)
a: header: [8:a,1,0] footer: [8:a]
a: header: [2048:a,1,2040] footer: [2048:a]
f: header: [2048:f] footer: [2048:f]
malloc called : 2040
after malloc(2040)
a: header: [8:a,1,0] footer: [8:a]
a: header: [2048:a,1,2040] footer: [2048:a]
a: header: [2048:a,1,2040] footer: [2048:a]
malloc called : 48
after malloc(48)
a: header: [8:a,1,0] footer: [8:a]
a: header: [2048:a,1,2040] footer: [2048:a]
a: header: [56:a,1,48] footer: [56:a]
f: header: [1992:f] footer: [1992:f]
malloc called : 4072
after malloc(4072)
a: header: [8:a,1,0] footer: [8:a]
a: header: [2048:a,1,2040] footer: [2048:a]
a: header: [56:a,1,48] footer: [56:a]
a: header: [4080:a,1,4072] footer: [4080:a]
f: header: [2008:f] footer: [2008:f]
malloc called : 4072
after malloc(4072)
a: header: [8:a,1,0] footer: [8:a]
a: header: [2048:a,1,2040] footer: [2048:a]
a: header: [56:a,1,48] footer: [56:a]
a: header: [4080:a,1,4072] footer: [4080:a]
f: header: [2008:f] footer: [2008:f]
malloc called : 4072
after malloc(4072)
a: header: [8:a,1,0] footer: [8:a]
f: header: [2104:f] footer: [2104:f]
a: header: [4080:a,1,4072] footer: [4080:a]
a: header: [4080:a,1,4072] footer: [4080:a]
f: header: [2024:f] footer: [2024:f]
before extend
a: header: [8:a,1,0] footer: [8:a]
after extend
a: header: [8:a,1,0] footer: [8:a]
f: header: [4096:f] footer: [4096:f]
malloc called : 2040
after malloc(2040)
a: header: [8:a,1,0] footer: [8:a]
a: header: [2048:a,1,2040] footer: [2048:a]
f: header: [2048:f] footer: [2048:f]
malloc called : 2040
after malloc(2040)
a: header: [8:a,1,0] footer: [8:a]
a: header: [2048:a,1,2040] footer: [2048:a]
a: header: [2048:a,1,2040] footer: [2048:a]
malloc called : 48
after malloc(48)
a: header: [8:a,1,0] footer: [8:a]
a: header: [2048:a,1,2040] footer: [2048:a]
a: header: [56:a,1,48] footer: [56:a]
f: header: [1992:f] footer: [1992:f]
malloc called : 4072
after malloc(4072)
a: header: [8:a,1,0] footer: [8:a]
a: header: [2048:a,1,2040] footer: [2048:a]
a: header: [56:a,1,48] footer: [56:a]
a: header: [4080:a,1,4072] footer: [4080:a]
f: header: [2008:f] footer: [2008:f]
malloc called : 4072
after malloc(4072)
a: header: [8:a,1,0] footer: [8:a]
a: header: [2048:a,1,2040] footer: [2048:a]
a: header: [56:a,1,48] footer: [56:a]
a: header: [4080:a,1,4072] footer: [4080:a]
f: header: [2008:f] footer: [2008:f]
malloc called : 4072
after malloc(4072)
a: header: [8:a,1,0] footer: [8:a]
f: header: [2104:f] footer: [2104:f]
a: header: [4080:a,1,4072] footer: [4080:a]
a: header: [4080:a,1,4072] footer: [4080:a]
f: header: [2024:f] footer: [2024:f]
before extend
a: header: [8:a,1,0] footer: [8:a]
after extend
a: header: [8:a,1,0] footer: [8:a]
f: header: [4096:f] footer: [4096:f]
malloc called : 2040
after malloc(2040)
a: header: [8:a,1,0] footer: [8:a]
a: header: [2048:a,1,2040] footer: [2048:a]
f: header: [2048:f] footer: [2048:f]
malloc called : 2040
after malloc(2040)
a: header: [8:a,1,0] footer: [8:a]
a: header: [2048:a,1,2040] footer: [2048:a]
a: header: [2048:a,1,2040] footer: [2048:a]
malloc called : 48
after malloc(48)
a: header: [8:a,1,0] footer: [8:a]
a: header: [2048:a,1,2040] footer: [2048:a]
a: header: [56:a,1,48] footer: [56:a]
f: header: [1992:f] footer: [1992:f]
malloc called : 4072
after malloc(4072)
a: header: [8:a,1,0] footer: [8:a]
a: header: [2048:a,1,2040] footer: [2048:a]
a: header: [56:a,1,48] footer: [56:a]
a: header: [4080:a,1,4072] footer: [4080:a]
f: header: [2008:f] footer: [2008:f]
malloc called : 4072
after malloc(4072)
a: header: [8:a,1,0] footer: [8:a]
a: header: [2048:a,1,2040] footer: [2048:a]
a: header: [56:a,1,48] footer: [56:a]
a: header: [4080:a,1,4072] footer: [4080:a]
f: header: [2008:f] footer: [2008:f]
malloc called : 4072
after malloc(4072)
a: header: [8:a,1,0] footer: [8:a]
f: header: [2104:f] footer: [2104:f]
a: header: [4080:a,1,4072] footer: [4080:a]
a: header: [4080:a,1,4072] footer: [4080:a]
f: header: [2024:f] footer: [2024:f]
before extend
a: header: [8:a,1,0] footer: [8:a]
after extend
a: header: [8:a,1,0] footer: [8:a]
f: header: [4096:f] footer: [4096:f]
malloc called : 2040
after malloc(2040)
a: header: [8:a,1,0] footer: [8:a]
a: header: [2048:a,1,2040] footer: [2048:a]
f: header: [2048:f] footer: [2048:f]
malloc called : 2040
after malloc(2040)
a: header: [8:a,1,0] footer: [8:a]
a: header: [2048:a,1,2040] footer: [2048:a]
a: header: [2048:a,1,2040] footer: [2048:a]
malloc called : 48
after malloc(48)
a: header: [8:a,1,0] footer: [8:a]
a: header: [2048:a,1,2040] footer: [2048:a]
a: header: [56:a,1,48] footer: [56:a]
f: header: [1992:f] footer: [1992:f]
malloc called : 4072
after malloc(4072)
a: header: [8:a,1,0] footer: [8:a]
a: header: [2048:a,1,2040] footer: [2048:a]
a: header: [56:a,1,48] footer: [56:a]
a: header: [4080:a,1,4072] footer: [4080:a]
f: header: [2008:f] footer: [2008:f]
malloc called : 4072
after malloc(4072)
a: header: [8:a,1,0] footer: [8:a]
a: header: [2048:a,1,2040] footer: [2048:a]
a: header: [56:a,1,48] footer: [56:a]
a: header: [4080:a,1,4072] footer: [4080:a]
f: header: [2008:f] footer: [2008:f]
malloc called : 4072
after malloc(4072)
a: header: [8:a,1,0] footer: [8:a]
f: header: [2104:f] footer: [2104:f]
a: header: [4080:a,1,4072] footer: [4080:a]
a: header: [4080:a,1,4072] footer: [4080:a]
f: header: [2024:f] footer: [2024:f]
before extend
a: header: [8:a,1,0] footer: [8:a]
after extend
a: header: [8:a,1,0] footer: [8:a]
f: header: [4096:f] footer: [4096:f]
malloc called : 2040
after malloc(2040)
a: header: [8:a,1,0] footer: [8:a]
a: header: [2048:a,1,2040] footer: [2048:a]
f: header: [2048:f] footer: [2048:f]
malloc called : 2040
after malloc(2040)
a: header: [8:a,1,0] footer: [8:a]
a: header: [2048:a,1,2040] footer: [2048:a]
a: header: [2048:a,1,2040] footer: [2048:a]
malloc called : 48
after malloc(48)
a: header: [8:a,1,0] footer: [8:a]
a: header: [2048:a,1,2040] footer: [2048:a]
a: header: [56:a,1,48] footer: [56:a]
f: header: [1992:f] footer: [1992:f]
malloc called : 4072
after malloc(4072)
a: header: [8:a,1,0] footer: [8:a]
a: header: [2048:a,1,2040] footer: [2048:a]
a: header: [56:a,1,48] footer: [56:a]
a: header: [4080:a,1,4072] footer: [4080:a]
f: header: [2008:f] footer: [2008:f]
malloc called : 4072
after malloc(4072)
a: header: [8:a,1,0] footer: [8:a]
a: header: [2048:a,1,2040] footer: [2048:a]
a: header: [56:a,1,48] footer: [56:a]
a: header: [4080:a,1,4072] footer: [4080:a]
f: header: [2008:f] footer: [2008:f]
malloc called : 4072
after malloc(4072)
a: header: [8:a,1,0] footer: [8:a]
f: header: [2104:f] footer: [2104:f]
a: header: [4080:a,1,4072] footer: [4080:a]
a: header: [4080:a,1,4072] footer: [4080:a]
f: header: [2024:f] footer: [2024:f]
before extend
a: header: [8:a,1,0] footer: [8:a]
after extend
a: header: [8:a,1,0] footer: [8:a]
f: header: [4096:f] footer: [4096:f]
malloc called : 2040
after malloc(2040)
a: header: [8:a,1,0] footer: [8:a]
a: header: [2048:a,1,2040] footer: [2048:a]
f: header: [2048:f] footer: [2048:f]
malloc called : 2040
after malloc(2040)
a: header: [8:a,1,0] footer: [8:a]
a: header: [2048:a,1,2040] footer: [2048:a]
a: header: [2048:a,1,2040] footer: [2048:a]
malloc called : 48
after malloc(48)
a: header: [8:a,1,0] footer: [8:a]
a: header: [2048:a,1,2040] footer: [2048:a]
a: header: [56:a,1,48] footer: [56:a]
f: header: [1992:f] footer: [1992:f]
malloc called : 4072
after malloc(4072)
a: header: [8:a,1,0] footer: [8:a]
a: header: [2048:a,1,2040] footer: [2048:a]
a: header: [56:a,1,48] footer: [56:a]
a: header: [4080:a,1,4072] footer: [4080:a]
f: header: [2008:f] footer: [2008:f]
malloc called : 4072
after malloc(4072)
a: header: [8:a,1,0] footer: [8:a]
a: header: [2048:a,1,2040] footer: [2048:a]
a: header: [56:a,1,48] footer: [56:a]
a: header: [4080:a,1,4072] footer: [4080:a]
f: header: [2008:f] footer: [2008:f]
malloc called : 4072
after malloc(4072)
a: header: [8:a,1,0] footer: [8:a]
f: header: [2104:f] footer: [2104:f]
a: header: [4080:a,1,4072] footer: [4080:a]
a: header: [4080:a,1,4072] footer: [4080:a]
f: header: [2024:f] footer: [2024:f]
before extend
a: header: [8:a,1,0] footer: [8:a]
after extend
a: header: [8:a,1,0] footer: [8:a]
f: header: [4096:f] footer: [4096:f]
malloc called : 2040
after malloc(2040)
a: header: [8:a,1,0] footer: [8:a]
a: header: [2048:a,1,2040] footer: [2048:a]
f: header: [2048:f] footer: [2048:f]
malloc called : 2040
after malloc(2040)
a: header: [8:a,1,0] footer: [8:a]
a: header: [2048:a,1,2040] footer: [2048:a]
a: header: [2048:a,1,2040] footer: [2048:a]
malloc called : 48
after malloc(48)
a: header: [8:a,1,0] footer: [8:a]
a: header: [2048:a,1,2040] footer: [2048:a]
a: header: [56:a,1,48] footer: [56:a]
f: header: [1992:f] footer: [1992:f]
malloc called : 4072
after malloc(4072)
a: header: [8:a,1,0] footer: [8:a]
a: header: [2048:a,1,2040] footer: [2048:a]
a: header: [56:a,1,48] footer: [56:a]
a: header: [4080:a,1,4072] footer: [4080:a]
f: header: [2008:f] footer: [2008:f]
malloc called : 4072
after malloc(4072)
a: header: [8:a,1,0] footer: [8:a]
a: header: [2048:a,1,2040] footer: [2048:a]
a: header: [56:a,1,48] footer: [56:a]
a: header: [4080:a,1,4072] footer: [4080:a]
f: header: [2008:f] footer: [2008:f]
malloc called : 4072
after malloc(4072)
a: header: [8:a,1,0] footer: [8:a]
f: header: [2104:f] footer: [2104:f]
a: header: [4080:a,1,4072] footer: [4080:a]
a: header: [4080:a,1,4072] footer: [4080:a]
f: header: [2024:f] footer: [2024:f]
before extend
a: header: [8:a,1,0] footer: [8:a]
after extend
a: header: [8:a,1,0] footer: [8:a]
f: header: [4096:f] footer: [4096:f]
malloc called : 2040
after malloc(2040)
a: header: [8:a,1,0] footer: [8:a]
a: header: [2048:a,1,2040] footer: [2048:a]
f: header: [2048:f] footer: [2048:f]
malloc called : 2040
after malloc(2040)
a: header: [8:a,1,0] footer: [8:a]
a: header: [2048:a,1,2040] footer: [2048:a]
a: header: [2048:a,1,2040] footer: [2048:a]
malloc called : 48
after malloc(48)
a: header: [8:a,1,0] footer: [8:a]
a: header: [2048:a,1,2040] footer: [2048:a]
a: header: [56:a,1,48] footer: [56:a]
f: header: [1992:f] footer: [1992:f]
malloc called : 4072
after malloc(4072)
a: header: [8:a,1,0] footer: [8:a]
a: header: [2048:a,1,2040] footer: [2048:a]
a: header: [56:a,1,48] footer: [56:a]
a: header: [4080:a,1,4072] footer: [4080:a]
f: header: [2008:f] footer: [2008:f]
malloc called : 4072
after malloc(4072)
a: header: [8:a,1,0] footer: [8:a]
a: header: [2048:a,1,2040] footer: [2048:a]
a: header: [56:a,1,48] footer: [56:a]
a: header: [4080:a,1,4072] footer: [4080:a]
f: header: [2008:f] footer: [2008:f]
malloc called : 4072
after malloc(4072)
a: header: [8:a,1,0] footer: [8:a]
f: header: [2104:f] footer: [2104:f]
a: header: [4080:a,1,4072] footer: [4080:a]
a: header: [4080:a,1,4072] footer: [4080:a]
f: header: [2024:f] footer: [2024:f]
before extend
a: header: [8:a,1,0] footer: [8:a]
after extend
a: header: [8:a,1,0] footer: [8:a]
f: header: [4096:f] footer: [4096:f]
malloc called : 2040
after malloc(2040)
a: header: [8:a,1,0] footer: [8:a]
a: header: [2048:a,1,2040] footer: [2048:a]
f: header: [2048:f] footer: [2048:f]
malloc called : 2040
after malloc(2040)
a: header: [8:a,1,0] footer: [8:a]
a: header: [2048:a,1,2040] footer: [2048:a]
a: header: [2048:a,1,2040] footer: [2048:a]
malloc called : 48
after malloc(48)
a: header: [8:a,1,0] footer: [8:a]
a: header: [2048:a,1,2040] footer: [2048:a]
a: header: [56:a,1,48] footer: [56:a]
f: header: [1992:f] footer: [1992:f]
malloc called : 4072
after malloc(4072)
a: header: [8:a,1,0] footer: [8:a]
a: header: [2048:a,1,2040] footer: [2048:a]
a: header: [56:a,1,48] footer: [56:a]
a: header: [4080:a,1,4072] footer: [4080:a]
f: header: [2008:f] footer: [2008:f]
malloc called : 4072
after malloc(4072)
a: header: [8:a,1,0] footer: [8:a]
a: header: [2048:a,1,2040] footer: [2048:a]
a: header: [56:a,1,48] footer: [56:a]
a: header: [4080:a,1,4072] footer: [4080:a]
f: header: [2008:f] footer: [2008:f]
malloc called : 4072
after malloc(4072)
a: header: [8:a,1,0] footer: [8:a]
f: header: [2104:f] footer: [2104:f]
a: header: [4080:a,1,4072] footer: [4080:a]
a: header: [4080:a,1,4072] footer: [4080:a]
f: header: [2024:f] footer: [2024:f]
before extend
a: header: [8:a,1,0] footer: [8:a]
after extend
a: header: [8:a,1,0] footer: [8:a]
f: header: [4096:f] footer: [4096:f]
malloc called : 2040
after malloc(2040)
a: header: [8:a,1,0] footer: [8:a]
a: header: [2048:a,1,2040] footer: [2048:a]
f: header: [2048:f] footer: [2048:f]
malloc called : 2040
after malloc(2040)
a: header: [8:a,1,0] footer: [8:a]
a: header: [2048:a,1,2040] footer: [2048:a]
a: header: [2048:a,1,2040] footer: [2048:a]
malloc called : 48
after malloc(48)
a: header: [8:a,1,0] footer: [8:a]
a: header: [2048:a,1,2040] footer: [2048:a]
a: header: [56:a,1,48] footer: [56:a]
f: header: [1992:f] footer: [1992:f]
malloc called : 4072
after malloc(4072)
a: header: [8:a,1,0] footer: [8:a]
a: header: [2048:a,1,2040] footer: [2048:a]
a: header: [56:a,1,48] footer: [56:a]
a: header: [4080:a,1,4072] footer: [4080:a]
f: header: [2008:f] footer: [2008:f]
malloc called : 4072
after malloc(4072)
a: header: [8:a,1,0] footer: [8:a]
a: header: [2048:a,1,2040] footer: [2048:a]
a: header: [56:a,1,48] footer: [56:a]
a: header: [4080:a,1,4072] footer: [4080:a]
f: header: [2008:f] footer: [2008:f]
malloc called : 4072
after malloc(4072)
a: header: [8:a,1,0] footer: [8:a]
f: header: [2104:f] footer: [2104:f]
a: header: [4080:a,1,4072] footer: [4080:a]
a: header: [4080:a,1,4072] footer: [4080:a]
f: header: [2024:f] footer: [2024:f]
before extend
a: header: [8:a,1,0] footer: [8:a]
after extend
a: header: [8:a,1,0] footer: [8:a]
f: header: [4096:f] footer: [4096:f]
malloc called : 2040
after malloc(2040)
a: header: [8:a,1,0] footer: [8:a]
a: header: [2048:a,1,2040] footer: [2048:a]
f: header: [2048:f] footer: [2048:f]
malloc called : 2040
after malloc(2040)
a: header: [8:a,1,0] footer: [8:a]
a: header: [2048:a,1,2040] footer: [2048:a]
a: header: [2048:a,1,2040] footer: [2048:a]
malloc called : 48
after malloc(48)
a: header: [8:a,1,0] footer: [8:a]
a: header: [2048:a,1,2040] footer: [2048:a]
a: header: [56:a,1,48] footer: [56:a]
f: header: [1992:f] footer: [1992:f]
malloc called : 4072
after malloc(4072)
a: header: [8:a,1,0] footer: [8:a]
a: header: [2048:a,1,2040] footer: [2048:a]
a: header: [56:a,1,48] footer: [56:a]
a: header: [4080:a,1,4072] footer: [4080:a]
f: header: [2008:f] footer: [2008:f]
malloc called : 4072
after malloc(4072)
a: header: [8:a,1,0] footer: [8:a]
a: header: [2048:a,1,2040] footer: [2048:a]
a: header: [56:a,1,48] footer: [56:a]
a: header: [4080:a,1,4072] footer: [4080:a]
f: header: [2008:f] footer: [2008:f]
malloc called : 4072
after malloc(4072)
a: header: [8:a,1,0] footer: [8:a]
f: header: [2104:f] footer: [2104:f]
a: header: [4080:a,1,4072] footer: [4080:a]
a: header: [4080:a,1,4072] footer: [4080:a]
f: header: [2024:f] footer: [2024:f]
before extend
a: header: [8:a,1,0] footer: [8:a]
after extend
a: header: [8:a,1,0] footer: [8:a]
f: header: [4096:f] footer: [4096:f]
malloc called : 2040
after malloc(2040)
a: header: [8:a,1,0] footer: [8:a]
a: header: [2048:a,1,2040] footer: [2048:a]
f: header: [2048:f] footer: [2048:f]
malloc called : 2040
after malloc(2040)
a: header: [8:a,1,0] footer: [8:a]
a: header: [2048:a,1,2040] footer: [2048:a]
a: header: [2048:a,1,2040] footer: [2048:a]
malloc called : 48
after malloc(48)
a: header: [8:a,1,0] footer: [8:a]
a: header: [2048:a,1,2040] footer: [2048:a]
a: header: [56:a,1,48] footer: [56:a]
f: header: [1992:f] footer: [1992:f]
malloc called : 4072
after malloc(4072)
a: header: [8:a,1,0] footer: [8:a]
a: header: [2048:a,1,2040] footer: [2048:a]
a: header: [56:a,1,48] footer: [56:a]
a: header: [4080:a,1,4072] footer: [4080:a]
f: header: [2008:f] footer: [2008:f]
malloc called : 4072
after malloc(4072)
a: header: [8:a,1,0] footer: [8:a]
a: header: [2048:a,1,2040] footer: [2048:a]
a: header: [56:a,1,48] footer: [56:a]
a: header: [4080:a,1,4072] footer: [4080:a]
f: header: [2008:f] footer: [2008:f]
malloc called : 4072
after malloc(4072)
a: header: [8:a,1,0] footer: [8:a]
f: header: [2104:f] footer: [2104:f]
a: header: [4080:a,1,4072] footer: [4080:a]
a: header: [4080:a,1,4072] footer: [4080:a]
f: header: [2024:f] footer: [2024:f]
Perf index = 40 (util) + 33 (thru) = 73/100
